[2025-04-01 00:33:53] Attempting to open new pane with YAZI_ID=1743482003039374 for file=/Users/kodyberry/projects/ex_moov/lib/ex_moov.ex
[2025-04-01 00:33:53] Git root found: /Users/kodyberry/projects/ex_moov
[2025-04-01 00:33:53] Calculated tab_name: ex_moov
[2025-04-01 00:33:53] Preparing command: nu -c "env YAZI_ID=1743482003039374 hx '/Users/kodyberry/projects/ex_moov/lib/ex_moov.ex'"
[2025-04-01 00:33:53] Command executed successfully: nu -c "env YAZI_ID=1743482003039374 hx '/Users/kodyberry/projects/ex_moov/lib/ex_moov.ex'"
[2025-04-01 00:33:53] Renamed tab to: ex_moov
[2025-04-01 00:33:57] Attempting to open new pane with YAZI_ID=1743482003039374 for file=/Users/kodyberry/projects/ex_moov/lib/ex_moov.ex
[2025-04-01 00:33:57] Git root found: /Users/kodyberry/projects/ex_moov
[2025-04-01 00:33:57] Calculated tab_name: ex_moov
[2025-04-01 00:33:57] Preparing command: nu -c "env YAZI_ID=1743482003039374 hx '/Users/kodyberry/projects/ex_moov/lib/ex_moov.ex'"
[2025-04-01 00:33:57] Command executed successfully: nu -c "env YAZI_ID=1743482003039374 hx '/Users/kodyberry/projects/ex_moov/lib/ex_moov.ex'"
[2025-04-01 00:33:57] Renamed tab to: ex_moov
[2025-04-01 00:34:10] Attempting to open new pane with YAZI_ID=1743482003039374 for file=/Users/kodyberry/projects/ex_moov/lib/ex_moov.ex
[2025-04-01 00:34:10] Git root found: /Users/kodyberry/projects/ex_moov
[2025-04-01 00:34:10] Calculated tab_name: ex_moov
[2025-04-01 00:34:10] Preparing command: nu -c "env YAZI_ID=1743482003039374 hx '/Users/kodyberry/projects/ex_moov/lib/ex_moov.ex'"
[2025-04-01 00:34:10] Command executed successfully: nu -c "env YAZI_ID=1743482003039374 hx '/Users/kodyberry/projects/ex_moov/lib/ex_moov.ex'"
[2025-04-01 00:34:10] Renamed tab to: ex_moov
[2025-04-01 00:43:18] Attempting to open new pane with YAZI_ID=1743482547124119 for file=/Users/kodyberry/projects/ex_moov/lib/ex_moov.ex
[2025-04-01 00:43:18] Git root found: /Users/kodyberry/projects/ex_moov
[2025-04-01 00:43:18] Calculated tab_name: ex_moov
[2025-04-01 00:43:18] Preparing command: nu -c "env YAZI_ID=1743482547124119 hx '/Users/kodyberry/projects/ex_moov/lib/ex_moov.ex'"
[2025-04-01 00:43:18] Command executed successfully: nu -c "env YAZI_ID=1743482547124119 hx '/Users/kodyberry/projects/ex_moov/lib/ex_moov.ex'"
[2025-04-01 00:43:18] Renamed tab to: ex_moov
[2025-04-01 00:44:21] Attempting to open new pane with YAZI_ID=1743482547124119 for file=/Users/kodyberry/projects/ex_moov/lib/ex_moov.ex
[2025-04-01 00:44:21] Git root found: /Users/kodyberry/projects/ex_moov
[2025-04-01 00:44:21] Calculated tab_name: ex_moov
[2025-04-01 00:44:21] Preparing command: nu -c "env YAZI_ID=1743482547124119 hx '/Users/kodyberry/projects/ex_moov/lib/ex_moov.ex'"
[2025-04-01 00:44:21] Command executed successfully: nu -c "env YAZI_ID=1743482547124119 hx '/Users/kodyberry/projects/ex_moov/lib/ex_moov.ex'"
[2025-04-01 00:44:21] Renamed tab to: ex_moov
[2025-04-01 01:23:04] Attempting to open new pane with YAZI_ID=1743484888800922 for file=/Users/kodyberry/projects/ex_moov/lib/ex_moov.ex
[2025-04-01 01:23:04] Git root found: /Users/kodyberry/projects/ex_moov
[2025-04-01 01:23:04] Calculated tab_name: ex_moov
[2025-04-01 01:23:04] Preparing command: nu -c "env YAZI_ID=1743484888800922 hx '/Users/kodyberry/projects/ex_moov/lib/ex_moov.ex'"
[2025-04-01 01:23:04] Command executed successfully: nu -c "env YAZI_ID=1743484888800922 hx '/Users/kodyberry/projects/ex_moov/lib/ex_moov.ex'"
[2025-04-01 01:23:04] Renamed tab to: ex_moov
[2025-04-01 01:35:51] Attempting to open new pane with YAZI_ID=1743485472154592 for file=/Users/kodyberry/projects/ex_moov/lib/ex_moov.ex
[2025-04-01 01:35:51] Git root found: /Users/kodyberry/projects/ex_moov
[2025-04-01 01:35:51] Calculated tab_name: ex_moov
[2025-04-01 01:35:51] Preparing command: nu -c "env YAZI_ID=1743485472154592 hx '/Users/kodyberry/projects/ex_moov/lib/ex_moov.ex'"
[2025-04-01 01:35:51] Command executed successfully: nu -c "env YAZI_ID=1743485472154592 hx '/Users/kodyberry/projects/ex_moov/lib/ex_moov.ex'"
[2025-04-01 01:35:51] Renamed tab to: ex_moov
[2025-04-01 02:03:25] Attempting to open new pane with YAZI_ID=1743487389045603 for file=/Users/kodyberry/projects/ex_moov/lib/ex_moov.ex
[2025-04-01 02:03:25] Git root found: /Users/kodyberry/projects/ex_moov
[2025-04-01 02:03:25] Calculated tab_name: ex_moov
[2025-04-01 02:03:25] Preparing command: nu -c "env YAZI_ID=1743487389045603 hx '/Users/kodyberry/projects/ex_moov/lib/ex_moov.ex'"
[2025-04-01 02:03:25] Command executed successfully: nu -c "env YAZI_ID=1743487389045603 hx '/Users/kodyberry/projects/ex_moov/lib/ex_moov.ex'"
[2025-04-01 02:03:25] Renamed tab to: ex_moov
[2025-04-01 02:03:43] Attempting to open new pane with YAZI_ID=1743487389045603 for file=/Users/kodyberry/projects/ex_moov/lib/ex_moov.ex
[2025-04-01 02:03:43] Git root found: /Users/kodyberry/projects/ex_moov
[2025-04-01 02:03:43] Calculated tab_name: ex_moov
[2025-04-01 02:03:43] Preparing command: nu -c "env YAZI_ID=1743487389045603 hx '/Users/kodyberry/projects/ex_moov/lib/ex_moov.ex'"
[2025-04-01 02:03:43] Command executed successfully: nu -c "env YAZI_ID=1743487389045603 hx '/Users/kodyberry/projects/ex_moov/lib/ex_moov.ex'"
[2025-04-01 02:03:43] Renamed tab to: ex_moov
[2025-04-01 03:13:13] Attempting to open new pane with YAZI_ID=1743491568511830 for file=/Users/kodyberry/projects/ex_moov/lib/ex_moov.ex
[2025-04-01 03:13:13] Git root found: /Users/kodyberry/projects/ex_moov
[2025-04-01 03:13:13] Calculated tab_name: ex_moov
[2025-04-01 03:13:13] Preparing command: nu -c "env YAZI_ID=1743491568511830 hx '/Users/kodyberry/projects/ex_moov/lib/ex_moov.ex'"
[2025-04-01 03:13:13] Command executed successfully: nu -c "env YAZI_ID=1743491568511830 hx '/Users/kodyberry/projects/ex_moov/lib/ex_moov.ex'"
[2025-04-01 03:13:13] Renamed tab to: ex_moov
[2025-04-01 03:13:46] Attempting to open new pane with YAZI_ID=1743491568511830 for file=/Users/kodyberry/projects/ex_moov/lib/ex_moov.ex
[2025-04-01 03:13:46] Git root found: /Users/kodyberry/projects/ex_moov
[2025-04-01 03:13:46] Calculated tab_name: ex_moov
[2025-04-01 03:13:46] Preparing command: nu -c "env YAZI_ID=1743491568511830 hx '/Users/kodyberry/projects/ex_moov/lib/ex_moov.ex'"
[2025-04-01 03:13:46] Command executed successfully: nu -c "env YAZI_ID=1743491568511830 hx '/Users/kodyberry/projects/ex_moov/lib/ex_moov.ex'"
[2025-04-01 03:13:46] Renamed tab to: ex_moov
[2025-04-01 03:21:51] Attempting to open new pane with YAZI_ID=1743492103738728 for file=/Users/kodyberry/projects/ex_moov/lib/ex_moov.ex
[2025-04-01 03:21:51] Git root found: /Users/kodyberry/projects/ex_moov
[2025-04-01 03:21:51] Calculated tab_name: ex_moov
[2025-04-01 03:21:51] Preparing command: nu -c "env YAZI_ID=1743492103738728 hx '/Users/kodyberry/projects/ex_moov/lib/ex_moov.ex'"
[2025-04-01 03:21:51] Command executed successfully: nu -c "env YAZI_ID=1743492103738728 hx '/Users/kodyberry/projects/ex_moov/lib/ex_moov.ex'"
[2025-04-01 03:21:51] Renamed tab to: ex_moov
[2025-04-01 03:21:56] Attempting to open new pane with YAZI_ID=1743492103738728 for file=/Users/kodyberry/projects/ex_moov/lib/ex_moov.ex
[2025-04-01 03:21:57] Git root found: /Users/kodyberry/projects/ex_moov
[2025-04-01 03:21:57] Calculated tab_name: ex_moov
[2025-04-01 03:21:57] Preparing command: nu -c "env YAZI_ID=1743492103738728 hx '/Users/kodyberry/projects/ex_moov/lib/ex_moov.ex'"
[2025-04-01 03:21:57] Command executed successfully: nu -c "env YAZI_ID=1743492103738728 hx '/Users/kodyberry/projects/ex_moov/lib/ex_moov.ex'"
[2025-04-01 03:21:57] Renamed tab to: ex_moov
[2025-04-01 03:26:11] Attempting to open new pane with YAZI_ID=1743492348119248 for file=/Users/kodyberry/projects/ex_moov/lib/ex_moov.ex
[2025-04-01 03:26:11] Git root found: /Users/kodyberry/projects/ex_moov
[2025-04-01 03:26:11] Calculated tab_name: ex_moov
[2025-04-01 03:26:11] Preparing command: nu -c "env YAZI_ID=1743492348119248 hx '/Users/kodyberry/projects/ex_moov/lib/ex_moov.ex'"
[2025-04-01 03:26:11] Command executed successfully: nu -c "env YAZI_ID=1743492348119248 hx '/Users/kodyberry/projects/ex_moov/lib/ex_moov.ex'"
[2025-04-01 03:26:11] Renamed tab to: ex_moov
[2025-04-01 03:28:16] Attempting to open new pane with YAZI_ID=1743492490160764 for file=/Users/kodyberry/projects/ex_moov/lib/ex_moov.ex
[2025-04-01 03:28:16] Git root found: /Users/kodyberry/projects/ex_moov
[2025-04-01 03:28:16] Calculated tab_name: ex_moov
[2025-04-01 03:28:16] Preparing command: nu -c "env YAZI_ID=1743492490160764 hx '/Users/kodyberry/projects/ex_moov/lib/ex_moov.ex'"
[2025-04-01 03:28:16] Command executed successfully: nu -c "env YAZI_ID=1743492490160764 hx '/Users/kodyberry/projects/ex_moov/lib/ex_moov.ex'"
[2025-04-01 03:28:16] Renamed tab to: ex_moov
[2025-04-01 03:28:48] Attempting to open new pane with YAZI_ID=1743492490160764 for file=/Users/kodyberry/projects/ex_moov/lib/ex_moov.ex
[2025-04-01 03:28:48] Git root found: /Users/kodyberry/projects/ex_moov
[2025-04-01 03:28:48] Calculated tab_name: ex_moov
[2025-04-01 03:28:48] Preparing command: nu -c "env YAZI_ID=1743492490160764 hx '/Users/kodyberry/projects/ex_moov/lib/ex_moov.ex'"
[2025-04-01 03:28:48] Command executed successfully: nu -c "env YAZI_ID=1743492490160764 hx '/Users/kodyberry/projects/ex_moov/lib/ex_moov.ex'"
[2025-04-01 03:28:48] Renamed tab to: ex_moov
[2025-04-01 03:29:10] Attempting to open new pane with YAZI_ID=1743492545333019 for file=/Users/kodyberry/projects/ex_moov/lib/ex_moov.ex
[2025-04-01 03:29:10] Git root found: /Users/kodyberry/projects/ex_moov
[2025-04-01 03:29:10] Calculated tab_name: ex_moov
[2025-04-01 03:29:10] Preparing command: nu -c "env YAZI_ID=1743492545333019 hx '/Users/kodyberry/projects/ex_moov/lib/ex_moov.ex'"
[2025-04-01 03:29:10] Command executed successfully: nu -c "env YAZI_ID=1743492545333019 hx '/Users/kodyberry/projects/ex_moov/lib/ex_moov.ex'"
[2025-04-01 03:29:10] Renamed tab to: ex_moov
[2025-04-01 03:31:06] Starting open_in_existing_helix with file_path: /Users/kodyberry/projects/ex_moov/lib/ex_moov/accounts.ex
[2025-04-01 03:31:06] Calculated working_dir: /Users/kodyberry/projects/ex_moov/lib/ex_moov
[2025-04-01 03:31:06] File path validated as existing
[2025-04-01 03:31:06] Git root found: /Users/kodyberry/projects/ex_moov
[2025-04-01 03:31:06] Calculated tab_name: ex_moov
[2025-04-01 03:31:06] Sent Escape (27) to enter command mode
[2025-04-01 03:31:06] Sent cd command: :cd "/Users/kodyberry/projects/ex_moov/lib/ex_moov"
[2025-04-01 03:31:06] Sent Enter (13) for cd command
[2025-04-01 03:31:06] Sent open command: :open "/Users/kodyberry/projects/ex_moov/lib/ex_moov/accounts.ex"
[2025-04-01 03:31:06] Sent Enter (13) for open command
[2025-04-01 03:31:06] Renamed tab to: ex_moov
[2025-04-01 03:31:06] Commands executed successfully
[2025-04-01 10:44:52] Attempting to open new pane with YAZI_ID=1743518684404647 for file=/Users/kodyberry/projects/ex_moov/lib/ex_moov.ex
[2025-04-01 10:44:52] Git root found: /Users/kodyberry/projects/ex_moov
[2025-04-01 10:44:52] Calculated tab_name: ex_moov
[2025-04-01 10:44:52] Preparing command: nu -c "env YAZI_ID=1743518684404647 hx '/Users/kodyberry/projects/ex_moov/lib/ex_moov.ex'"
[2025-04-01 10:44:52] Command executed successfully: nu -c "env YAZI_ID=1743518684404647 hx '/Users/kodyberry/projects/ex_moov/lib/ex_moov.ex'"
[2025-04-01 10:44:52] Renamed tab to: ex_moov
[2025-04-01 10:56:38] Attempting to open new pane with YAZI_ID=1743519387012262 for file=/Users/kodyberry/projects/ex_moov/lib/ex_moov.ex
[2025-04-01 10:56:38] Git root found: /Users/kodyberry/projects/ex_moov
[2025-04-01 10:56:38] Calculated tab_name: ex_moov
[2025-04-01 10:56:38] Preparing command: nu -c "env YAZI_ID=1743519387012262 hx '/Users/kodyberry/projects/ex_moov/lib/ex_moov.ex'"
[2025-04-01 10:56:38] Command executed successfully: nu -c "env YAZI_ID=1743519387012262 hx '/Users/kodyberry/projects/ex_moov/lib/ex_moov.ex'"
[2025-04-01 10:56:38] Renamed tab to: ex_moov
[2025-04-01 10:57:52] Attempting to open new pane with YAZI_ID=1743519464130722 for file=/Users/kodyberry/projects/ex_moov/lib/ex_moov.ex
[2025-04-01 10:57:52] Git root found: /Users/kodyberry/projects/ex_moov
[2025-04-01 10:57:52] Calculated tab_name: ex_moov
[2025-04-01 10:57:52] Preparing command: nu -c "env YAZI_ID=1743519464130722 hx '/Users/kodyberry/projects/ex_moov/lib/ex_moov.ex'"
[2025-04-01 10:57:52] Command executed successfully: nu -c "env YAZI_ID=1743519464130722 hx '/Users/kodyberry/projects/ex_moov/lib/ex_moov.ex'"
[2025-04-01 10:57:52] Renamed tab to: ex_moov
[2025-04-01 10:59:34] Attempting to open new pane with YAZI_ID=1743519565483662 for file=/Users/kodyberry/projects/ex_moov/lib/ex_moov.ex
[2025-04-01 10:59:34] Git root found: /Users/kodyberry/projects/ex_moov
[2025-04-01 10:59:34] Calculated tab_name: ex_moov
[2025-04-01 10:59:34] Preparing command: nu -c "env YAZI_ID=1743519565483662 hx '/Users/kodyberry/projects/ex_moov/lib/ex_moov.ex'"
[2025-04-01 10:59:34] Command executed successfully: nu -c "env YAZI_ID=1743519565483662 hx '/Users/kodyberry/projects/ex_moov/lib/ex_moov.ex'"
[2025-04-01 10:59:34] Renamed tab to: ex_moov
[2025-04-01 11:00:45] Attempting to open new pane with YAZI_ID=1743519632898229 for file=/Users/kodyberry/projects/ex_moov/lib/ex_moov.ex
[2025-04-01 11:00:45] Git root found: /Users/kodyberry/projects/ex_moov
[2025-04-01 11:00:45] Calculated tab_name: ex_moov
[2025-04-01 11:00:45] Preparing command: nu -c "env YAZI_ID=1743519632898229 hx '/Users/kodyberry/projects/ex_moov/lib/ex_moov.ex'"
[2025-04-01 11:00:45] Command executed successfully: nu -c "env YAZI_ID=1743519632898229 hx '/Users/kodyberry/projects/ex_moov/lib/ex_moov.ex'"
[2025-04-01 11:00:45] Renamed tab to: ex_moov
[2025-04-01 11:01:37] Attempting to open new pane with YAZI_ID=1743519690726118 for file=/Users/kodyberry/projects/ex_moov/lib/ex_moov.ex
[2025-04-01 11:01:37] Git root found: /Users/kodyberry/projects/ex_moov
[2025-04-01 11:01:37] Calculated tab_name: ex_moov
[2025-04-01 11:01:37] Preparing command: nu -c "env YAZI_ID=1743519690726118 hx '/Users/kodyberry/projects/ex_moov/lib/ex_moov.ex'"
[2025-04-01 11:01:37] Command executed successfully: nu -c "env YAZI_ID=1743519690726118 hx '/Users/kodyberry/projects/ex_moov/lib/ex_moov.ex'"
[2025-04-01 11:01:37] Renamed tab to: ex_moov
[2025-04-01 11:02:05] Attempting to open new pane with YAZI_ID=1743519690726118 for file=/Users/kodyberry/projects/ex_moov/lib/ex_moov.ex
[2025-04-01 11:02:05] Git root found: /Users/kodyberry/projects/ex_moov
[2025-04-01 11:02:05] Calculated tab_name: ex_moov
[2025-04-01 11:02:05] Preparing command: nu -c "env YAZI_ID=1743519690726118 hx '/Users/kodyberry/projects/ex_moov/lib/ex_moov.ex'"
[2025-04-01 11:02:05] Command executed successfully: nu -c "env YAZI_ID=1743519690726118 hx '/Users/kodyberry/projects/ex_moov/lib/ex_moov.ex'"
[2025-04-01 11:02:05] Renamed tab to: ex_moov
[2025-04-01 11:07:14] Attempting to open new pane with YAZI_ID=1743520026764099 for file=/Users/kodyberry/projects/ex_moov/lib/ex_moov.ex
[2025-04-01 11:07:14] Git root found: /Users/kodyberry/projects/ex_moov
[2025-04-01 11:07:14] Calculated tab_name: ex_moov
[2025-04-01 11:07:14] Preparing command: nu -c "env YAZI_ID=1743520026764099 hx '/Users/kodyberry/projects/ex_moov/lib/ex_moov.ex'"
[2025-04-01 11:07:14] Command executed successfully: nu -c "env YAZI_ID=1743520026764099 hx '/Users/kodyberry/projects/ex_moov/lib/ex_moov.ex'"
[2025-04-01 11:07:14] Renamed tab to: ex_moov
[2025-04-01 11:29:51] Attempting to open new pane with YAZI_ID=1743521379872616 for file=/Users/kodyberry/projects/ex_moov/lib/ex_moov.ex
[2025-04-01 11:29:51] Git root found: /Users/kodyberry/projects/ex_moov
[2025-04-01 11:29:51] Calculated tab_name: ex_moov
[2025-04-01 11:29:51] Preparing command: nu -c "env YAZI_ID=1743521379872616 hx '/Users/kodyberry/projects/ex_moov/lib/ex_moov.ex'"
[2025-04-01 11:29:51] Command executed successfully: nu -c "env YAZI_ID=1743521379872616 hx '/Users/kodyberry/projects/ex_moov/lib/ex_moov.ex'"
[2025-04-01 11:29:51] Renamed tab to: ex_moov
[2025-04-01 11:35:40] Attempting to open new pane with YAZI_ID=1743521732832700 for file=/Users/kodyberry/projects/ex_moov/lib/ex_moov.ex
[2025-04-01 11:35:40] Git root found: /Users/kodyberry/projects/ex_moov
[2025-04-01 11:35:40] Calculated tab_name: ex_moov
[2025-04-01 11:35:40] Preparing command: nu -c "env YAZI_ID=1743521732832700 hx '/Users/kodyberry/projects/ex_moov/lib/ex_moov.ex'"
[2025-04-01 11:35:40] Command executed successfully: nu -c "env YAZI_ID=1743521732832700 hx '/Users/kodyberry/projects/ex_moov/lib/ex_moov.ex'"
[2025-04-01 11:35:40] Renamed tab to: ex_moov
[2025-04-01 11:44:49] Attempting to open new pane with YAZI_ID=1743522282119550 for file=/Users/kodyberry/projects/ex_moov/lib/ex_moov.ex
[2025-04-01 11:44:49] Git root found: /Users/kodyberry/projects/ex_moov
[2025-04-01 11:44:49] Calculated tab_name: ex_moov
[2025-04-01 11:44:49] Preparing command: nu -c "env YAZI_ID=1743522282119550 hx '/Users/kodyberry/projects/ex_moov/lib/ex_moov.ex'"
[2025-04-01 11:44:49] Command executed successfully: nu -c "env YAZI_ID=1743522282119550 hx '/Users/kodyberry/projects/ex_moov/lib/ex_moov.ex'"
[2025-04-01 11:44:49] Renamed tab to: ex_moov
